nohup: 忽略輸入
Penghu People API is running at http://0.0.0.0:3000
Accessible via: http://100.77.172.55:3000
MySQL stderr: mysql: Deprecated program name. It will be removed in a future release, use '/usr/bin/mariadb' instead
WARNING: option --ssl-verify-server-cert is disabled, because of an insecure passwordless login.

MySQL stderr: mysql: Deprecated program name. It will be removed in a future release, use '/usr/bin/mariadb' instead
WARNING: option --ssl-verify-server-cert is disabled, because of an insecure passwordless login.

MySQL stderr: mysql: Deprecated program name. It will be removed in a future release, use '/usr/bin/mariadb' instead
WARNING: option --ssl-verify-server-cert is disabled, because of an insecure passwordless login.

MySQL stderr: mysql: Deprecated program name. It will be removed in a future release, use '/usr/bin/mariadb' instead
WARNING: option --ssl-verify-server-cert is disabled, because of an insecure passwordless login.

MySQL stderr: mysql: Deprecated program name. It will be removed in a future release, use '/usr/bin/mariadb' instead
WARNING: option --ssl-verify-server-cert is disabled, because of an insecure passwordless login.

MySQL stderr: mysql: Deprecated program name. It will be removed in a future release, use '/usr/bin/mariadb' instead
WARNING: option --ssl-verify-server-cert is disabled, because of an insecure passwordless login.

MySQL stderr: mysql: Deprecated program name. It will be removed in a future release, use '/usr/bin/mariadb' instead
WARNING: option --ssl-verify-server-cert is disabled, because of an insecure passwordless login.

MySQL stderr: mysql: Deprecated program name. It will be removed in a future release, use '/usr/bin/mariadb' instead
WARNING: option --ssl-verify-server-cert is disabled, because of an insecure passwordless login.

MySQL stderr: mysql: Deprecated program name. It will be removed in a future release, use '/usr/bin/mariadb' instead
WARNING: option --ssl-verify-server-cert is disabled, because of an insecure passwordless login.

MySQL stderr: mysql: Deprecated program name. It will be removed in a future release, use '/usr/bin/mariadb' instead
WARNING: option --ssl-verify-server-cert is disabled, because of an insecure passwordless login.

MySQL stderr: mysql: Deprecated program name. It will be removed in a future release, use '/usr/bin/mariadb' instead
WARNING: option --ssl-verify-server-cert is disabled, because of an insecure passwordless login.

MySQL stderr: mysql: Deprecated program name. It will be removed in a future release, use '/usr/bin/mariadb' instead
WARNING: option --ssl-verify-server-cert is disabled, because of an insecure passwordless login.

MySQL stderr: mysql: Deprecated program name. It will be removed in a future release, use '/usr/bin/mariadb' instead
WARNING: option --ssl-verify-server-cert is disabled, because of an insecure passwordless login.

MySQL stderr: mysql: Deprecated program name. It will be removed in a future release, use '/usr/bin/mariadb' instead
WARNING: option --ssl-verify-server-cert is disabled, because of an insecure passwordless login.

MySQL stderr: mysql: Deprecated program name. It will be removed in a future release, use '/usr/bin/mariadb' instead
WARNING: option --ssl-verify-server-cert is disabled, because of an insecure passwordless login.

